[06-Dec-2018 04:48:24 UTC] PHP Fatal error:  Call to undefined method PDO::execute() in /home/ubuntu/workspace/cst336/finalProject/inc/functions.php on line 171
[06-Dec-2018 04:48:24 UTC] PHP Stack trace:
[06-Dec-2018 04:48:24 UTC] PHP   1. {main}() /home/ubuntu/workspace/cst336/finalProject/inc/functions.php:0
[06-Dec-2018 04:48:24 UTC] PHP   2. searchProduct() /home/ubuntu/workspace/cst336/finalProject/inc/functions.php:24
[06-Dec-2018 04:48:49 UTC] PHP Fatal error:  Uncaught exception 'PDOException' with message 'SQLSTATE[42000]: Syntax error or access violation: 1065 Query was empty' in /home/ubuntu/workspace/cst336/finalProject/inc/functions.php:171
Stack trace:
#0 /home/ubuntu/workspace/cst336/finalProject/inc/functions.php(171): PDOStatement->execute(Array)
#1 /home/ubuntu/workspace/cst336/finalProject/inc/functions.php(24): searchProduct()
#2 {main}
  thrown in /home/ubuntu/workspace/cst336/finalProject/inc/functions.php on line 171
[06-Dec-2018 04:49:23 UTC] PHP Fatal error:  Uncaught exception 'PDOException' with message 'SQLSTATE[42000]: Syntax error or access violation: 1065 Query was empty' in /home/ubuntu/workspace/cst336/finalProject/inc/functions.php:172
Stack trace:
#0 /home/ubuntu/workspace/cst336/finalProject/inc/functions.php(172): PDOStatement->execute(Array)
#1 /home/ubuntu/workspace/cst336/finalProject/inc/functions.php(24): searchProduct()
#2 {main}
  thrown in /home/ubuntu/workspace/cst336/finalProject/inc/functions.php on line 172
[06-Dec-2018 04:49:28 UTC] PHP Fatal error:  Uncaught exception 'PDOException' with message 'SQLSTATE[42000]: Syntax error or access violation: 1065 Query was empty' in /home/ubuntu/workspace/cst336/finalProject/inc/functions.php:172
Stack trace:
#0 /home/ubuntu/workspace/cst336/finalProject/inc/functions.php(172): PDOStatement->execute(Array)
#1 /home/ubuntu/workspace/cst336/finalProject/inc/functions.php(24): searchProduct()
#2 {main}
  thrown in /home/ubuntu/workspace/cst336/finalProject/inc/functions.php on line 172
[06-Dec-2018 04:51:11 UTC] PHP Fatal error:  Uncaught exception 'PDOException' with message 'SQLSTATE[42000]: Syntax error or access violation: 1065 Query was empty' in /home/ubuntu/workspace/cst336/finalProject/inc/functions.php:172
Stack trace:
#0 /home/ubuntu/workspace/cst336/finalProject/inc/functions.php(172): PDOStatement->execute(Array)
#1 /home/ubuntu/workspace/cst336/finalProject/inc/functions.php(24): searchProduct()
#2 {main}
  thrown in /home/ubuntu/workspace/cst336/finalProject/inc/functions.php on line 172
[06-Dec-2018 04:52:38 UTC] PHP Fatal error:  Uncaught exception 'PDOException' with message 'SQLSTATE[42000]: Syntax error or access violation: 1065 Query was empty' in /home/ubuntu/workspace/cst336/finalProject/inc/functions.php:172
Stack trace:
#0 /home/ubuntu/workspace/cst336/finalProject/inc/functions.php(172): PDOStatement->execute(Array)
#1 /home/ubuntu/workspace/cst336/finalProject/inc/functions.php(24): searchProduct()
#2 {main}
  thrown in /home/ubuntu/workspace/cst336/finalProject/inc/functions.php on line 172
[06-Dec-2018 04:58:55 UTC] PHP Fatal error:  Uncaught exception 'PDOException' with message 'SQLSTATE[42000]: Syntax error or access violation: 1065 Query was empty' in /home/ubuntu/workspace/cst336/finalProject/inc/functions.php:172
Stack trace:
#0 /home/ubuntu/workspace/cst336/finalProject/inc/functions.php(172): PDOStatement->execute(Array)
#1 /home/ubuntu/workspace/cst336/finalProject/inc/functions.php(24): searchProduct()
#2 {main}
  thrown in /home/ubuntu/workspace/cst336/finalProject/inc/functions.php on line 172
