[01-Dec-2018 07:07:12 UTC] PHP Fatal error:  Function name must be a string in /home/ubuntu/workspace/cst336/final/inc/functions.php on line 7
[01-Dec-2018 07:07:12 UTC] PHP Stack trace:
[01-Dec-2018 07:07:12 UTC] PHP   1. {main}() /home/ubuntu/workspace/cst336/final/inc/functions.php:0
[01-Dec-2018 07:07:28 UTC] PHP Fatal error:  Function name must be a string in /home/ubuntu/workspace/cst336/final/inc/functions.php on line 7
[01-Dec-2018 07:07:28 UTC] PHP Stack trace:
[01-Dec-2018 07:07:28 UTC] PHP   1. {main}() /home/ubuntu/workspace/cst336/final/inc/functions.php:0
[01-Dec-2018 07:07:58 UTC] PHP Fatal error:  Function name must be a string in /home/ubuntu/workspace/cst336/final/inc/functions.php on line 7
[01-Dec-2018 07:07:58 UTC] PHP Stack trace:
[01-Dec-2018 07:07:58 UTC] PHP   1. {main}() /home/ubuntu/workspace/cst336/final/inc/functions.php:0
[01-Dec-2018 07:08:09 UTC] PHP Fatal error:  Function name must be a string in /home/ubuntu/workspace/cst336/final/inc/functions.php on line 7
[01-Dec-2018 07:08:09 UTC] PHP Stack trace:
[01-Dec-2018 07:08:09 UTC] PHP   1. {main}() /home/ubuntu/workspace/cst336/final/inc/functions.php:0
[01-Dec-2018 07:09:14 UTC] PHP Fatal error:  Function name must be a string in /home/ubuntu/workspace/cst336/final/inc/functions.php on line 7
[01-Dec-2018 07:09:14 UTC] PHP Stack trace:
[01-Dec-2018 07:09:14 UTC] PHP   1. {main}() /home/ubuntu/workspace/cst336/final/inc/functions.php:0
[01-Dec-2018 07:10:15 UTC] PHP Fatal error:  Function name must be a string in /home/ubuntu/workspace/cst336/final/inc/functions.php on line 7
[01-Dec-2018 07:10:15 UTC] PHP Stack trace:
[01-Dec-2018 07:10:15 UTC] PHP   1. {main}() /home/ubuntu/workspace/cst336/final/inc/functions.php:0
[01-Dec-2018 07:10:28 UTC] PHP Fatal error:  Function name must be a string in /home/ubuntu/workspace/cst336/final/inc/functions.php on line 7
[01-Dec-2018 07:10:28 UTC] PHP Stack trace:
[01-Dec-2018 07:10:28 UTC] PHP   1. {main}() /home/ubuntu/workspace/cst336/final/inc/functions.php:0
[01-Dec-2018 07:11:05 UTC] PHP Fatal error:  Function name must be a string in /home/ubuntu/workspace/cst336/final/inc/functions.php on line 7
[01-Dec-2018 07:11:05 UTC] PHP Stack trace:
[01-Dec-2018 07:11:05 UTC] PHP   1. {main}() /home/ubuntu/workspace/cst336/final/inc/functions.php:0
[01-Dec-2018 07:13:29 UTC] PHP Fatal error:  Function name must be a string in /home/ubuntu/workspace/cst336/final/inc/functions.php on line 7
[01-Dec-2018 07:13:29 UTC] PHP Stack trace:
[01-Dec-2018 07:13:29 UTC] PHP   1. {main}() /home/ubuntu/workspace/cst336/final/inc/functions.php:0
[01-Dec-2018 07:14:44 UTC] PHP Fatal error:  Function name must be a string in /home/ubuntu/workspace/cst336/final/inc/functions.php on line 7
[01-Dec-2018 07:14:44 UTC] PHP Stack trace:
[01-Dec-2018 07:14:44 UTC] PHP   1. {main}() /home/ubuntu/workspace/cst336/final/inc/functions.php:0
[01-Dec-2018 07:14:57 UTC] PHP Fatal error:  Function name must be a string in /home/ubuntu/workspace/cst336/final/inc/functions.php on line 7
[01-Dec-2018 07:14:57 UTC] PHP Stack trace:
[01-Dec-2018 07:14:57 UTC] PHP   1. {main}() /home/ubuntu/workspace/cst336/final/inc/functions.php:0
[01-Dec-2018 07:15:50 UTC] PHP Fatal error:  Function name must be a string in /home/ubuntu/workspace/cst336/final/inc/functions.php on line 7
[01-Dec-2018 07:15:50 UTC] PHP Stack trace:
[01-Dec-2018 07:15:50 UTC] PHP   1. {main}() /home/ubuntu/workspace/cst336/final/inc/functions.php:0
[01-Dec-2018 07:16:23 UTC] PHP Fatal error:  Function name must be a string in /home/ubuntu/workspace/cst336/final/inc/functions.php on line 7
[01-Dec-2018 07:16:23 UTC] PHP Stack trace:
[01-Dec-2018 07:16:23 UTC] PHP   1. {main}() /home/ubuntu/workspace/cst336/final/inc/functions.php:0
[02-Dec-2018 23:30:49 UTC] PHP Fatal error:  Uncaught exception 'PDOException' with message 'SQLSTATE[HY093]: Invalid parameter number: parameter was not defined' in /home/ubuntu/workspace/cst336/final/inc/functions.php:89
Stack trace:
#0 /home/ubuntu/workspace/cst336/final/inc/functions.php(89): PDOStatement->execute(Array)
#1 /home/ubuntu/workspace/cst336/final/inc/functions.php(20): signupAttempt('admin', 'secret', 'AK')
#2 {main}
  thrown in /home/ubuntu/workspace/cst336/final/inc/functions.php on line 89
[02-Dec-2018 23:31:45 UTC] PHP Fatal error:  Uncaught exception 'PDOException' with message 'SQLSTATE[HY093]: Invalid parameter number: parameter was not defined' in /home/ubuntu/workspace/cst336/final/inc/functions.php:89
Stack trace:
#0 /home/ubuntu/workspace/cst336/final/inc/functions.php(89): PDOStatement->execute(Array)
#1 /home/ubuntu/workspace/cst336/final/inc/functions.php(20): signupAttempt('admin', 'secret', 'AK')
#2 {main}
  thrown in /home/ubuntu/workspace/cst336/final/inc/functions.php on line 89
[02-Dec-2018 23:31:58 UTC] PHP Fatal error:  Uncaught exception 'PDOException' with message 'SQLSTATE[HY093]: Invalid parameter number: parameter was not defined' in /home/ubuntu/workspace/cst336/final/inc/functions.php:89
Stack trace:
#0 /home/ubuntu/workspace/cst336/final/inc/functions.php(89): PDOStatement->execute(Array)
#1 /home/ubuntu/workspace/cst336/final/inc/functions.php(20): signupAttempt('admin', 'password', 'AK')
#2 {main}
  thrown in /home/ubuntu/workspace/cst336/final/inc/functions.php on line 89
[02-Dec-2018 23:32:37 UTC] PHP Fatal error:  Uncaught exception 'PDOException' with message 'SQLSTATE[23000]: Integrity constraint violation: 1062 Duplicate entry 'admin' for key 'userName'' in /home/ubuntu/workspace/cst336/final/inc/functions.php:89
Stack trace:
#0 /home/ubuntu/workspace/cst336/final/inc/functions.php(89): PDOStatement->execute(Array)
#1 /home/ubuntu/workspace/cst336/final/inc/functions.php(20): signupAttempt('admin', 'password', 'AK')
#2 {main}
  thrown in /home/ubuntu/workspace/cst336/final/inc/functions.php on line 89
